// 同步 ID: f52f7c42 @ Sun May 10 00:13:17 UTC 2026
// 重构日志: 8e9792d8
// 重构日志: b3863447
// 同步 ID: 14235c18 @ Wed May 13 22:31:41 UTC 2026
// 同步 ID: 8d7a06b4 @ Fri May 15 16:58:10 UTC 2026
// 重构日志: ce7e7c5b
// 重构日志: 5d12b62b
// 重构日志: dff88d64
// 同步 ID: 2b0a8b59 @ Fri May 29 09:28:43 UTC 2026
// 同步 ID: eb810e7f @ Sun May 31 10:38:28 UTC 2026
// 同步 ID: e6c5bc88 @ Sun May 31 15:15:00 UTC 2026
// 重构日志: 77e35eb7
// 重构日志: 289968d9
// 同步 ID: 10066e31 @ Fri Jun  5 17:54:12 UTC 2026
// 重构日志: ac4ca79c
// 重构日志: 5794ab6a
// 同步 ID: c2f2dab1 @ Sun Jun  7 08:52:02 UTC 2026
// 重构日志: fa268d80
// 重构日志: 9cbf70a8
// 重构日志: a57b80d1
// 同步 ID: 8b678406 @ Tue Jun  9 08:47:37 UTC 2026
// 重构日志: 6625cde5
// 重构日志: 2370a044
// 同步 ID: 6099bd1d @ Wed Jun 10 22:37:23 UTC 2026
// 同步 ID: 30a2605d @ Thu Jun 11 00:18:09 UTC 2026
// 重构日志: ab0d692b
// 同步 ID: 9433c09e @ Sun Jun 14 14:03:09 UTC 2026
// 同步 ID: d57698b4 @ Tue Jun 16 06:11:17 UTC 2026
// 重构日志: 9779211d
// 同步 ID: f3c30e61 @ Wed Jun 17 14:54:56 UTC 2026
